2019-12-10 23:18:54: Tue, 10 Dec 2019 15:18:54 GMT koa deprecated Support for generators will be removed in v3. See the documentation for examples of how to convert old middleware https://github.com/koajs/koa/blob/master/docs/migration.md at app.js:90:5
2019-12-10 23:18:55: (node:8680) DeprecationWarning: current Server Discovery and Monitoring engine is deprecated, and will be removed in a future version. To use the new Server Discover and Monitoring engine, pass option { useUnifiedTopology: true } to the MongoClient constructor.
2019-12-10 23:18:57: Tue, 10 Dec 2019 15:18:57 GMT koa deprecated Support for generators will be removed in v3. See the documentation for examples of how to convert old middleware https://github.com/koajs/koa/blob/master/docs/migration.md at app.js:90:5
2019-12-10 23:18:57: (node:2124) DeprecationWarning: current Server Discovery and Monitoring engine is deprecated, and will be removed in a future version. To use the new Server Discover and Monitoring engine, pass option { useUnifiedTopology: true } to the MongoClient constructor.
2019-12-10 23:18:59: Tue, 10 Dec 2019 15:18:59 GMT koa deprecated Support for generators will be removed in v3. See the documentation for examples of how to convert old middleware https://github.com/koajs/koa/blob/master/docs/migration.md at app.js:90:5
2019-12-10 23:18:59: (node:3796) DeprecationWarning: current Server Discovery and Monitoring engine is deprecated, and will be removed in a future version. To use the new Server Discover and Monitoring engine, pass option { useUnifiedTopology: true } to the MongoClient constructor.
2019-12-10 23:19:01: Tue, 10 Dec 2019 15:19:01 GMT koa deprecated Support for generators will be removed in v3. See the documentation for examples of how to convert old middleware https://github.com/koajs/koa/blob/master/docs/migration.md at app.js:90:5
2019-12-10 23:19:02: (node:8552) DeprecationWarning: current Server Discovery and Monitoring engine is deprecated, and will be removed in a future version. To use the new Server Discover and Monitoring engine, pass option { useUnifiedTopology: true } to the MongoClient constructor.
2019-12-10 23:19:06: Tue, 10 Dec 2019 15:19:06 GMT koa deprecated Support for generators will be removed in v3. See the documentation for examples of how to convert old middleware https://github.com/koajs/koa/blob/master/docs/migration.md at app.js:90:5
2019-12-10 23:19:07: (node:10744) DeprecationWarning: current Server Discovery and Monitoring engine is deprecated, and will be removed in a future version. To use the new Server Discover and Monitoring engine, pass option { useUnifiedTopology: true } to the MongoClient constructor.
2019-12-10 23:19:11: Tue, 10 Dec 2019 15:19:11 GMT koa deprecated Support for generators will be removed in v3. See the documentation for examples of how to convert old middleware https://github.com/koajs/koa/blob/master/docs/migration.md at app.js:90:5
2019-12-10 23:19:12: (node:3272) DeprecationWarning: current Server Discovery and Monitoring engine is deprecated, and will be removed in a future version. To use the new Server Discover and Monitoring engine, pass option { useUnifiedTopology: true } to the MongoClient constructor.
2019-12-10 23:19:19: Tue, 10 Dec 2019 15:19:19 GMT koa deprecated Support for generators will be removed in v3. See the documentation for examples of how to convert old middleware https://github.com/koajs/koa/blob/master/docs/migration.md at app.js:90:5
2019-12-10 23:19:19: (node:10304) DeprecationWarning: current Server Discovery and Monitoring engine is deprecated, and will be removed in a future version. To use the new Server Discover and Monitoring engine, pass option { useUnifiedTopology: true } to the MongoClient constructor.
2019-12-10 23:19:22: Tue, 10 Dec 2019 15:19:22 GMT koa deprecated Support for generators will be removed in v3. See the documentation for examples of how to convert old middleware https://github.com/koajs/koa/blob/master/docs/migration.md at app.js:90:5
2019-12-10 23:19:22: (node:13104) DeprecationWarning: current Server Discovery and Monitoring engine is deprecated, and will be removed in a future version. To use the new Server Discover and Monitoring engine, pass option { useUnifiedTopology: true } to the MongoClient constructor.
2019-12-10 23:19:22: [WARN] Redis server does not require a password, but a password was supplied.
Error: bind EADDRINUSE null:4444
    at listenOnMasterHandle (net.js:1365:16)
    at shared (internal/cluster/child.js:123:3)
    at Worker.<anonymous> (internal/cluster/child.js:94:7)
    at process.onInternalMessage (internal/cluster/utils.js:43:8)
    at process.emit (events.js:215:7)
    at emit (internal/child_process.js:876:12)
    at processTicksAndRejections (internal/process/task_queues.js:81:21)
2019-12-10 23:19:25: Tue, 10 Dec 2019 15:19:25 GMT koa deprecated Support for generators will be removed in v3. See the documentation for examples of how to convert old middleware https://github.com/koajs/koa/blob/master/docs/migration.md at app.js:90:5
2019-12-10 23:19:26: (node:6168) DeprecationWarning: current Server Discovery and Monitoring engine is deprecated, and will be removed in a future version. To use the new Server Discover and Monitoring engine, pass option { useUnifiedTopology: true } to the MongoClient constructor.
2019-12-10 23:19:28: Tue, 10 Dec 2019 15:19:28 GMT koa deprecated Support for generators will be removed in v3. See the documentation for examples of how to convert old middleware https://github.com/koajs/koa/blob/master/docs/migration.md at app.js:90:5
2019-12-10 23:19:29: (node:5556) DeprecationWarning: current Server Discovery and Monitoring engine is deprecated, and will be removed in a future version. To use the new Server Discover and Monitoring engine, pass option { useUnifiedTopology: true } to the MongoClient constructor.
2019-12-10 23:19:32: Tue, 10 Dec 2019 15:19:32 GMT koa deprecated Support for generators will be removed in v3. See the documentation for examples of how to convert old middleware https://github.com/koajs/koa/blob/master/docs/migration.md at app.js:90:5
2019-12-10 23:19:32: Tue, 10 Dec 2019 15:19:32 GMT koa deprecated Support for generators will be removed in v3. See the documentation for examples of how to convert old middleware https://github.com/koajs/koa/blob/master/docs/migration.md at app.js:90:5
2019-12-10 23:19:33: (node:11752) DeprecationWarning: current Server Discovery and Monitoring engine is deprecated, and will be removed in a future version. To use the new Server Discover and Monitoring engine, pass option { useUnifiedTopology: true } to the MongoClient constructor.
2019-12-10 23:19:33: [WARN] Redis server does not require a password, but a password was supplied.
2019-12-10 23:19:33: (node:3920) DeprecationWarning: current Server Discovery and Monitoring engine is deprecated, and will be removed in a future version. To use the new Server Discover and Monitoring engine, pass option { useUnifiedTopology: true } to the MongoClient constructor.
2019-12-10 23:19:33: [WARN] Redis server does not require a password, but a password was supplied.
Error: bind EADDRINUSE null:4444
    at listenOnMasterHandle (net.js:1365:16)
    at shared (internal/cluster/child.js:123:3)
    at Worker.<anonymous> (internal/cluster/child.js:94:7)
    at process.onInternalMessage (internal/cluster/utils.js:43:8)
    at process.emit (events.js:215:7)
    at emit (internal/child_process.js:876:12)
    at processTicksAndRejections (internal/process/task_queues.js:81:21)
2019-12-10 23:19:36: Tue, 10 Dec 2019 15:19:36 GMT koa deprecated Support for generators will be removed in v3. See the documentation for examples of how to convert old middleware https://github.com/koajs/koa/blob/master/docs/migration.md at app.js:90:5
2019-12-10 23:19:36: Tue, 10 Dec 2019 15:19:36 GMT koa deprecated Support for generators will be removed in v3. See the documentation for examples of how to convert old middleware https://github.com/koajs/koa/blob/master/docs/migration.md at app.js:90:5
2019-12-10 23:19:36: Tue, 10 Dec 2019 15:19:36 GMT koa deprecated Support for generators will be removed in v3. See the documentation for examples of how to convert old middleware https://github.com/koajs/koa/blob/master/docs/migration.md at app.js:90:5
2019-12-10 23:19:37: (node:7692) DeprecationWarning: current Server Discovery and Monitoring engine is deprecated, and will be removed in a future version. To use the new Server Discover and Monitoring engine, pass option { useUnifiedTopology: true } to the MongoClient constructor.
2019-12-10 23:19:37: [WARN] Redis server does not require a password, but a password was supplied.
Error: bind EADDRINUSE null:4444
    at listenOnMasterHandle (net.js:1365:16)
    at shared (internal/cluster/child.js:123:3)
    at Worker.<anonymous> (internal/cluster/child.js:94:7)
    at process.onInternalMessage (internal/cluster/utils.js:43:8)
    at process.emit (events.js:215:7)
    at emit (internal/child_process.js:876:12)
    at processTicksAndRejections (internal/process/task_queues.js:81:21)
2019-12-10 23:19:37: (node:8380) DeprecationWarning: current Server Discovery and Monitoring engine is deprecated, and will be removed in a future version. To use the new Server Discover and Monitoring engine, pass option { useUnifiedTopology: true } to the MongoClient constructor.
2019-12-10 23:19:37: (node:12800) DeprecationWarning: current Server Discovery and Monitoring engine is deprecated, and will be removed in a future version. To use the new Server Discover and Monitoring engine, pass option { useUnifiedTopology: true } to the MongoClient constructor.
2019-12-10 23:19:37: [WARN] Redis server does not require a password, but a password was supplied.
2019-12-10 23:19:37: [WARN] Redis server does not require a password, but a password was supplied.
Error: bind EADDRINUSE null:4444
    at listenOnMasterHandle (net.js:1365:16)
    at shared (internal/cluster/child.js:123:3)
    at Worker.<anonymous> (internal/cluster/child.js:94:7)
    at process.onInternalMessage (internal/cluster/utils.js:43:8)
    at process.emit (events.js:215:7)
    at emit (internal/child_process.js:876:12)
    at processTicksAndRejections (internal/process/task_queues.js:81:21)
Error: bind EADDRINUSE null:4444
    at listenOnMasterHandle (net.js:1365:16)
    at shared (internal/cluster/child.js:123:3)
    at Worker.<anonymous> (internal/cluster/child.js:94:7)
    at process.onInternalMessage (internal/cluster/utils.js:43:8)
    at process.emit (events.js:215:7)
    at emit (internal/child_process.js:876:12)
    at processTicksAndRejections (internal/process/task_queues.js:81:21)
2019-12-10 23:20:00: Tue, 10 Dec 2019 15:20:00 GMT koa deprecated Support for generators will be removed in v3. See the documentation for examples of how to convert old middleware https://github.com/koajs/koa/blob/master/docs/migration.md at app.js:90:5
2019-12-10 23:20:00: (node:6988) DeprecationWarning: current Server Discovery and Monitoring engine is deprecated, and will be removed in a future version. To use the new Server Discover and Monitoring engine, pass option { useUnifiedTopology: true } to the MongoClient constructor.
2019-12-10 23:20:03: Tue, 10 Dec 2019 15:20:03 GMT koa deprecated Support for generators will be removed in v3. See the documentation for examples of how to convert old middleware https://github.com/koajs/koa/blob/master/docs/migration.md at app.js:90:5
2019-12-10 23:20:03: (node:5304) DeprecationWarning: current Server Discovery and Monitoring engine is deprecated, and will be removed in a future version. To use the new Server Discover and Monitoring engine, pass option { useUnifiedTopology: true } to the MongoClient constructor.
2019-12-10 23:20:06: Tue, 10 Dec 2019 15:20:06 GMT koa deprecated Support for generators will be removed in v3. See the documentation for examples of how to convert old middleware https://github.com/koajs/koa/blob/master/docs/migration.md at app.js:90:5
2019-12-10 23:20:06: (node:4424) DeprecationWarning: current Server Discovery and Monitoring engine is deprecated, and will be removed in a future version. To use the new Server Discover and Monitoring engine, pass option { useUnifiedTopology: true } to the MongoClient constructor.
2019-12-10 23:20:08: Tue, 10 Dec 2019 15:20:08 GMT koa deprecated Support for generators will be removed in v3. See the documentation for examples of how to convert old middleware https://github.com/koajs/koa/blob/master/docs/migration.md at app.js:90:5
2019-12-10 23:20:09: (node:7620) DeprecationWarning: current Server Discovery and Monitoring engine is deprecated, and will be removed in a future version. To use the new Server Discover and Monitoring engine, pass option { useUnifiedTopology: true } to the MongoClient constructor.
2019-12-10 23:20:11: Tue, 10 Dec 2019 15:20:11 GMT koa deprecated Support for generators will be removed in v3. See the documentation for examples of how to convert old middleware https://github.com/koajs/koa/blob/master/docs/migration.md at app.js:90:5
2019-12-10 23:20:12: (node:11312) DeprecationWarning: current Server Discovery and Monitoring engine is deprecated, and will be removed in a future version. To use the new Server Discover and Monitoring engine, pass option { useUnifiedTopology: true } to the MongoClient constructor.
2019-12-10 23:20:12: [WARN] Redis server does not require a password, but a password was supplied.
2019-12-10 23:20:14: Tue, 10 Dec 2019 15:20:14 GMT koa deprecated Support for generators will be removed in v3. See the documentation for examples of how to convert old middleware https://github.com/koajs/koa/blob/master/docs/migration.md at app.js:90:5
2019-12-10 23:20:15: (node:11864) DeprecationWarning: current Server Discovery and Monitoring engine is deprecated, and will be removed in a future version. To use the new Server Discover and Monitoring engine, pass option { useUnifiedTopology: true } to the MongoClient constructor.
2019-12-10 23:20:17: Tue, 10 Dec 2019 15:20:17 GMT koa deprecated Support for generators will be removed in v3. See the documentation for examples of how to convert old middleware https://github.com/koajs/koa/blob/master/docs/migration.md at app.js:90:5
2019-12-10 23:20:17: (node:6280) DeprecationWarning: current Server Discovery and Monitoring engine is deprecated, and will be removed in a future version. To use the new Server Discover and Monitoring engine, pass option { useUnifiedTopology: true } to the MongoClient constructor.
2019-12-10 23:20:20: Tue, 10 Dec 2019 15:20:20 GMT koa deprecated Support for generators will be removed in v3. See the documentation for examples of how to convert old middleware https://github.com/koajs/koa/blob/master/docs/migration.md at app.js:90:5
2019-12-10 23:20:20: (node:11432) DeprecationWarning: current Server Discovery and Monitoring engine is deprecated, and will be removed in a future version. To use the new Server Discover and Monitoring engine, pass option { useUnifiedTopology: true } to the MongoClient constructor.
2019-12-10 23:20:23: Tue, 10 Dec 2019 15:20:23 GMT koa deprecated Support for generators will be removed in v3. See the documentation for examples of how to convert old middleware https://github.com/koajs/koa/blob/master/docs/migration.md at app.js:90:5
2019-12-10 23:20:23: (node:11344) DeprecationWarning: current Server Discovery and Monitoring engine is deprecated, and will be removed in a future version. To use the new Server Discover and Monitoring engine, pass option { useUnifiedTopology: true } to the MongoClient constructor.
2019-12-10 23:20:25: Tue, 10 Dec 2019 15:20:25 GMT koa deprecated Support for generators will be removed in v3. See the documentation for examples of how to convert old middleware https://github.com/koajs/koa/blob/master/docs/migration.md at app.js:90:5
2019-12-10 23:20:26: (node:4728) DeprecationWarning: current Server Discovery and Monitoring engine is deprecated, and will be removed in a future version. To use the new Server Discover and Monitoring engine, pass option { useUnifiedTopology: true } to the MongoClient constructor.
2019-12-10 23:20:28: Tue, 10 Dec 2019 15:20:28 GMT koa deprecated Support for generators will be removed in v3. See the documentation for examples of how to convert old middleware https://github.com/koajs/koa/blob/master/docs/migration.md at app.js:90:5
2019-12-10 23:20:29: (node:9312) DeprecationWarning: current Server Discovery and Monitoring engine is deprecated, and will be removed in a future version. To use the new Server Discover and Monitoring engine, pass option { useUnifiedTopology: true } to the MongoClient constructor.
2019-12-10 23:20:31: Tue, 10 Dec 2019 15:20:31 GMT koa deprecated Support for generators will be removed in v3. See the documentation for examples of how to convert old middleware https://github.com/koajs/koa/blob/master/docs/migration.md at app.js:90:5
2019-12-10 23:20:32: (node:10832) DeprecationWarning: current Server Discovery and Monitoring engine is deprecated, and will be removed in a future version. To use the new Server Discover and Monitoring engine, pass option { useUnifiedTopology: true } to the MongoClient constructor.
2019-12-10 23:20:34: Tue, 10 Dec 2019 15:20:34 GMT koa deprecated Support for generators will be removed in v3. See the documentation for examples of how to convert old middleware https://github.com/koajs/koa/blob/master/docs/migration.md at app.js:90:5
2019-12-10 23:20:35: (node:12856) DeprecationWarning: current Server Discovery and Monitoring engine is deprecated, and will be removed in a future version. To use the new Server Discover and Monitoring engine, pass option { useUnifiedTopology: true } to the MongoClient constructor.
2019-12-10 23:20:36: Tue, 10 Dec 2019 15:20:36 GMT koa deprecated Support for generators will be removed in v3. See the documentation for examples of how to convert old middleware https://github.com/koajs/koa/blob/master/docs/migration.md at app.js:90:5
2019-12-10 23:20:36: (node:4060) DeprecationWarning: current Server Discovery and Monitoring engine is deprecated, and will be removed in a future version. To use the new Server Discover and Monitoring engine, pass option { useUnifiedTopology: true } to the MongoClient constructor.
