2019-12-10 23:18:54: Tue, 10 Dec 2019 15:18:54 GMT koa deprecated Support for generators will be removed in v3. See the documentation for examples of how to convert old middleware https://github.com/koajs/koa/blob/master/docs/migration.md at app.js:90:5
2019-12-10 23:18:55: (node:4116) DeprecationWarning: current Server Discovery and Monitoring engine is deprecated, and will be removed in a future version. To use the new Server Discover and Monitoring engine, pass option { useUnifiedTopology: true } to the MongoClient constructor.
2019-12-10 23:18:56: Tue, 10 Dec 2019 15:18:56 GMT koa deprecated Support for generators will be removed in v3. See the documentation for examples of how to convert old middleware https://github.com/koajs/koa/blob/master/docs/migration.md at app.js:90:5
2019-12-10 23:18:56: Tue, 10 Dec 2019 15:18:56 GMT koa deprecated Support for generators will be removed in v3. See the documentation for examples of how to convert old middleware https://github.com/koajs/koa/blob/master/docs/migration.md at app.js:90:5
2019-12-10 23:18:57: (node:9404) DeprecationWarning: current Server Discovery and Monitoring engine is deprecated, and will be removed in a future version. To use the new Server Discover and Monitoring engine, pass option { useUnifiedTopology: true } to the MongoClient constructor.
2019-12-10 23:18:57: (node:6324) DeprecationWarning: current Server Discovery and Monitoring engine is deprecated, and will be removed in a future version. To use the new Server Discover and Monitoring engine, pass option { useUnifiedTopology: true } to the MongoClient constructor.
2019-12-10 23:18:59: Tue, 10 Dec 2019 15:18:59 GMT koa deprecated Support for generators will be removed in v3. See the documentation for examples of how to convert old middleware https://github.com/koajs/koa/blob/master/docs/migration.md at app.js:90:5
2019-12-10 23:18:59: Tue, 10 Dec 2019 15:18:59 GMT koa deprecated Support for generators will be removed in v3. See the documentation for examples of how to convert old middleware https://github.com/koajs/koa/blob/master/docs/migration.md at app.js:90:5
2019-12-10 23:18:59: (node:1232) DeprecationWarning: current Server Discovery and Monitoring engine is deprecated, and will be removed in a future version. To use the new Server Discover and Monitoring engine, pass option { useUnifiedTopology: true } to the MongoClient constructor.
2019-12-10 23:18:59: [WARN] Redis server does not require a password, but a password was supplied.
Error: bind EADDRINUSE null:4444
    at listenOnMasterHandle (net.js:1365:16)
    at shared (internal/cluster/child.js:123:3)
    at Worker.<anonymous> (internal/cluster/child.js:94:7)
    at process.onInternalMessage (internal/cluster/utils.js:43:8)
    at process.emit (events.js:215:7)
    at emit (internal/child_process.js:876:12)
    at processTicksAndRejections (internal/process/task_queues.js:81:21)
2019-12-10 23:18:59: (node:4292) DeprecationWarning: current Server Discovery and Monitoring engine is deprecated, and will be removed in a future version. To use the new Server Discover and Monitoring engine, pass option { useUnifiedTopology: true } to the MongoClient constructor.
2019-12-10 23:18:59: [WARN] Redis server does not require a password, but a password was supplied.
2019-12-10 23:19:01: Tue, 10 Dec 2019 15:19:01 GMT koa deprecated Support for generators will be removed in v3. See the documentation for examples of how to convert old middleware https://github.com/koajs/koa/blob/master/docs/migration.md at app.js:90:5
2019-12-10 23:19:01: Tue, 10 Dec 2019 15:19:01 GMT koa deprecated Support for generators will be removed in v3. See the documentation for examples of how to convert old middleware https://github.com/koajs/koa/blob/master/docs/migration.md at app.js:90:5
2019-12-10 23:19:02: (node:12896) DeprecationWarning: current Server Discovery and Monitoring engine is deprecated, and will be removed in a future version. To use the new Server Discover and Monitoring engine, pass option { useUnifiedTopology: true } to the MongoClient constructor.
2019-12-10 23:19:02: [WARN] Redis server does not require a password, but a password was supplied.
2019-12-10 23:19:02: (node:6040) DeprecationWarning: current Server Discovery and Monitoring engine is deprecated, and will be removed in a future version. To use the new Server Discover and Monitoring engine, pass option { useUnifiedTopology: true } to the MongoClient constructor.
2019-12-10 23:19:02: [WARN] Redis server does not require a password, but a password was supplied.
Error: bind EADDRINUSE null:4444
    at listenOnMasterHandle (net.js:1365:16)
    at shared (internal/cluster/child.js:123:3)
    at Worker.<anonymous> (internal/cluster/child.js:94:7)
    at process.onInternalMessage (internal/cluster/utils.js:43:8)
    at process.emit (events.js:215:7)
    at emit (internal/child_process.js:876:12)
    at processTicksAndRejections (internal/process/task_queues.js:81:21)
2019-12-10 23:19:06: Tue, 10 Dec 2019 15:19:06 GMT koa deprecated Support for generators will be removed in v3. See the documentation for examples of how to convert old middleware https://github.com/koajs/koa/blob/master/docs/migration.md at app.js:90:5
2019-12-10 23:19:06: Tue, 10 Dec 2019 15:19:06 GMT koa deprecated Support for generators will be removed in v3. See the documentation for examples of how to convert old middleware https://github.com/koajs/koa/blob/master/docs/migration.md at app.js:90:5
2019-12-10 23:19:07: (node:10452) DeprecationWarning: current Server Discovery and Monitoring engine is deprecated, and will be removed in a future version. To use the new Server Discover and Monitoring engine, pass option { useUnifiedTopology: true } to the MongoClient constructor.
2019-12-10 23:19:07: [WARN] Redis server does not require a password, but a password was supplied.
Error: bind EADDRINUSE null:4444
    at listenOnMasterHandle (net.js:1365:16)
    at shared (internal/cluster/child.js:123:3)
    at Worker.<anonymous> (internal/cluster/child.js:94:7)
    at process.onInternalMessage (internal/cluster/utils.js:43:8)
    at process.emit (events.js:215:7)
    at emit (internal/child_process.js:876:12)
    at processTicksAndRejections (internal/process/task_queues.js:81:21)
2019-12-10 23:19:07: (node:8752) DeprecationWarning: current Server Discovery and Monitoring engine is deprecated, and will be removed in a future version. To use the new Server Discover and Monitoring engine, pass option { useUnifiedTopology: true } to the MongoClient constructor.
2019-12-10 23:19:07: [WARN] Redis server does not require a password, but a password was supplied.
2019-12-10 23:19:11: Tue, 10 Dec 2019 15:19:11 GMT koa deprecated Support for generators will be removed in v3. See the documentation for examples of how to convert old middleware https://github.com/koajs/koa/blob/master/docs/migration.md at app.js:90:5
2019-12-10 23:19:12: (node:5412) DeprecationWarning: current Server Discovery and Monitoring engine is deprecated, and will be removed in a future version. To use the new Server Discover and Monitoring engine, pass option { useUnifiedTopology: true } to the MongoClient constructor.
2019-12-10 23:19:15: Tue, 10 Dec 2019 15:19:15 GMT koa deprecated Support for generators will be removed in v3. See the documentation for examples of how to convert old middleware https://github.com/koajs/koa/blob/master/docs/migration.md at app.js:90:5
2019-12-10 23:19:15: Tue, 10 Dec 2019 15:19:15 GMT koa deprecated Support for generators will be removed in v3. See the documentation for examples of how to convert old middleware https://github.com/koajs/koa/blob/master/docs/migration.md at app.js:90:5
2019-12-10 23:19:16: (node:11720) DeprecationWarning: current Server Discovery and Monitoring engine is deprecated, and will be removed in a future version. To use the new Server Discover and Monitoring engine, pass option { useUnifiedTopology: true } to the MongoClient constructor.
2019-12-10 23:19:16: (node:11868) DeprecationWarning: current Server Discovery and Monitoring engine is deprecated, and will be removed in a future version. To use the new Server Discover and Monitoring engine, pass option { useUnifiedTopology: true } to the MongoClient constructor.
2019-12-10 23:19:16: [WARN] Redis server does not require a password, but a password was supplied.
Error: bind EADDRINUSE null:4444
    at listenOnMasterHandle (net.js:1365:16)
    at shared (internal/cluster/child.js:123:3)
    at Worker.<anonymous> (internal/cluster/child.js:94:7)
    at process.onInternalMessage (internal/cluster/utils.js:43:8)
    at process.emit (events.js:215:7)
    at emit (internal/child_process.js:876:12)
    at processTicksAndRejections (internal/process/task_queues.js:81:21)
2019-12-10 23:19:19: Tue, 10 Dec 2019 15:19:19 GMT koa deprecated Support for generators will be removed in v3. See the documentation for examples of how to convert old middleware https://github.com/koajs/koa/blob/master/docs/migration.md at app.js:90:5
2019-12-10 23:19:20: (node:12220) DeprecationWarning: current Server Discovery and Monitoring engine is deprecated, and will be removed in a future version. To use the new Server Discover and Monitoring engine, pass option { useUnifiedTopology: true } to the MongoClient constructor.
2019-12-10 23:19:22: Tue, 10 Dec 2019 15:19:22 GMT koa deprecated Support for generators will be removed in v3. See the documentation for examples of how to convert old middleware https://github.com/koajs/koa/blob/master/docs/migration.md at app.js:90:5
2019-12-10 23:19:23: (node:1120) DeprecationWarning: current Server Discovery and Monitoring engine is deprecated, and will be removed in a future version. To use the new Server Discover and Monitoring engine, pass option { useUnifiedTopology: true } to the MongoClient constructor.
2019-12-10 23:19:25: Tue, 10 Dec 2019 15:19:25 GMT koa deprecated Support for generators will be removed in v3. See the documentation for examples of how to convert old middleware https://github.com/koajs/koa/blob/master/docs/migration.md at app.js:90:5
2019-12-10 23:19:26: (node:10864) DeprecationWarning: current Server Discovery and Monitoring engine is deprecated, and will be removed in a future version. To use the new Server Discover and Monitoring engine, pass option { useUnifiedTopology: true } to the MongoClient constructor.
2019-12-10 23:19:29: Tue, 10 Dec 2019 15:19:29 GMT koa deprecated Support for generators will be removed in v3. See the documentation for examples of how to convert old middleware https://github.com/koajs/koa/blob/master/docs/migration.md at app.js:90:5
2019-12-10 23:19:29: (node:11048) DeprecationWarning: current Server Discovery and Monitoring engine is deprecated, and will be removed in a future version. To use the new Server Discover and Monitoring engine, pass option { useUnifiedTopology: true } to the MongoClient constructor.
2019-12-10 23:19:32: Tue, 10 Dec 2019 15:19:32 GMT koa deprecated Support for generators will be removed in v3. See the documentation for examples of how to convert old middleware https://github.com/koajs/koa/blob/master/docs/migration.md at app.js:90:5
2019-12-10 23:19:33: Tue, 10 Dec 2019 15:19:33 GMT koa deprecated Support for generators will be removed in v3. See the documentation for examples of how to convert old middleware https://github.com/koajs/koa/blob/master/docs/migration.md at app.js:90:5
2019-12-10 23:19:33: (node:12852) DeprecationWarning: current Server Discovery and Monitoring engine is deprecated, and will be removed in a future version. To use the new Server Discover and Monitoring engine, pass option { useUnifiedTopology: true } to the MongoClient constructor.
2019-12-10 23:19:33: (node:8784) DeprecationWarning: current Server Discovery and Monitoring engine is deprecated, and will be removed in a future version. To use the new Server Discover and Monitoring engine, pass option { useUnifiedTopology: true } to the MongoClient constructor.
2019-12-10 23:19:36: Tue, 10 Dec 2019 15:19:36 GMT koa deprecated Support for generators will be removed in v3. See the documentation for examples of how to convert old middleware https://github.com/koajs/koa/blob/master/docs/migration.md at app.js:90:5
2019-12-10 23:19:37: (node:3096) DeprecationWarning: current Server Discovery and Monitoring engine is deprecated, and will be removed in a future version. To use the new Server Discover and Monitoring engine, pass option { useUnifiedTopology: true } to the MongoClient constructor.
2019-12-10 23:20:00: Tue, 10 Dec 2019 15:20:00 GMT koa deprecated Support for generators will be removed in v3. See the documentation for examples of how to convert old middleware https://github.com/koajs/koa/blob/master/docs/migration.md at app.js:90:5
2019-12-10 23:20:00: (node:12540) DeprecationWarning: current Server Discovery and Monitoring engine is deprecated, and will be removed in a future version. To use the new Server Discover and Monitoring engine, pass option { useUnifiedTopology: true } to the MongoClient constructor.
2019-12-10 23:20:03: Tue, 10 Dec 2019 15:20:03 GMT koa deprecated Support for generators will be removed in v3. See the documentation for examples of how to convert old middleware https://github.com/koajs/koa/blob/master/docs/migration.md at app.js:90:5
2019-12-10 23:20:03: (node:4348) DeprecationWarning: current Server Discovery and Monitoring engine is deprecated, and will be removed in a future version. To use the new Server Discover and Monitoring engine, pass option { useUnifiedTopology: true } to the MongoClient constructor.
2019-12-10 23:20:06: Tue, 10 Dec 2019 15:20:06 GMT koa deprecated Support for generators will be removed in v3. See the documentation for examples of how to convert old middleware https://github.com/koajs/koa/blob/master/docs/migration.md at app.js:90:5
2019-12-10 23:20:06: (node:7028) DeprecationWarning: current Server Discovery and Monitoring engine is deprecated, and will be removed in a future version. To use the new Server Discover and Monitoring engine, pass option { useUnifiedTopology: true } to the MongoClient constructor.
2019-12-10 23:20:08: Tue, 10 Dec 2019 15:20:08 GMT koa deprecated Support for generators will be removed in v3. See the documentation for examples of how to convert old middleware https://github.com/koajs/koa/blob/master/docs/migration.md at app.js:90:5
2019-12-10 23:20:09: (node:11540) DeprecationWarning: current Server Discovery and Monitoring engine is deprecated, and will be removed in a future version. To use the new Server Discover and Monitoring engine, pass option { useUnifiedTopology: true } to the MongoClient constructor.
2019-12-10 23:20:11: Tue, 10 Dec 2019 15:20:11 GMT koa deprecated Support for generators will be removed in v3. See the documentation for examples of how to convert old middleware https://github.com/koajs/koa/blob/master/docs/migration.md at app.js:90:5
2019-12-10 23:20:12: (node:10196) DeprecationWarning: current Server Discovery and Monitoring engine is deprecated, and will be removed in a future version. To use the new Server Discover and Monitoring engine, pass option { useUnifiedTopology: true } to the MongoClient constructor.
2019-12-10 23:20:14: Tue, 10 Dec 2019 15:20:14 GMT koa deprecated Support for generators will be removed in v3. See the documentation for examples of how to convert old middleware https://github.com/koajs/koa/blob/master/docs/migration.md at app.js:90:5
2019-12-10 23:20:14: (node:12004) DeprecationWarning: current Server Discovery and Monitoring engine is deprecated, and will be removed in a future version. To use the new Server Discover and Monitoring engine, pass option { useUnifiedTopology: true } to the MongoClient constructor.
2019-12-10 23:20:17: Tue, 10 Dec 2019 15:20:17 GMT koa deprecated Support for generators will be removed in v3. See the documentation for examples of how to convert old middleware https://github.com/koajs/koa/blob/master/docs/migration.md at app.js:90:5
2019-12-10 23:20:17: (node:12220) DeprecationWarning: current Server Discovery and Monitoring engine is deprecated, and will be removed in a future version. To use the new Server Discover and Monitoring engine, pass option { useUnifiedTopology: true } to the MongoClient constructor.
2019-12-10 23:20:20: Tue, 10 Dec 2019 15:20:20 GMT koa deprecated Support for generators will be removed in v3. See the documentation for examples of how to convert old middleware https://github.com/koajs/koa/blob/master/docs/migration.md at app.js:90:5
2019-12-10 23:20:20: (node:10932) DeprecationWarning: current Server Discovery and Monitoring engine is deprecated, and will be removed in a future version. To use the new Server Discover and Monitoring engine, pass option { useUnifiedTopology: true } to the MongoClient constructor.
2019-12-10 23:20:23: Tue, 10 Dec 2019 15:20:23 GMT koa deprecated Support for generators will be removed in v3. See the documentation for examples of how to convert old middleware https://github.com/koajs/koa/blob/master/docs/migration.md at app.js:90:5
2019-12-10 23:20:23: (node:4908) DeprecationWarning: current Server Discovery and Monitoring engine is deprecated, and will be removed in a future version. To use the new Server Discover and Monitoring engine, pass option { useUnifiedTopology: true } to the MongoClient constructor.
2019-12-10 23:20:25: Tue, 10 Dec 2019 15:20:25 GMT koa deprecated Support for generators will be removed in v3. See the documentation for examples of how to convert old middleware https://github.com/koajs/koa/blob/master/docs/migration.md at app.js:90:5
2019-12-10 23:20:26: (node:12852) DeprecationWarning: current Server Discovery and Monitoring engine is deprecated, and will be removed in a future version. To use the new Server Discover and Monitoring engine, pass option { useUnifiedTopology: true } to the MongoClient constructor.
2019-12-10 23:20:28: Tue, 10 Dec 2019 15:20:28 GMT koa deprecated Support for generators will be removed in v3. See the documentation for examples of how to convert old middleware https://github.com/koajs/koa/blob/master/docs/migration.md at app.js:90:5
2019-12-10 23:20:29: (node:2704) DeprecationWarning: current Server Discovery and Monitoring engine is deprecated, and will be removed in a future version. To use the new Server Discover and Monitoring engine, pass option { useUnifiedTopology: true } to the MongoClient constructor.
2019-12-10 23:20:31: Tue, 10 Dec 2019 15:20:31 GMT koa deprecated Support for generators will be removed in v3. See the documentation for examples of how to convert old middleware https://github.com/koajs/koa/blob/master/docs/migration.md at app.js:90:5
2019-12-10 23:20:31: (node:824) DeprecationWarning: current Server Discovery and Monitoring engine is deprecated, and will be removed in a future version. To use the new Server Discover and Monitoring engine, pass option { useUnifiedTopology: true } to the MongoClient constructor.
2019-12-10 23:20:34: Tue, 10 Dec 2019 15:20:34 GMT koa deprecated Support for generators will be removed in v3. See the documentation for examples of how to convert old middleware https://github.com/koajs/koa/blob/master/docs/migration.md at app.js:90:5
2019-12-10 23:20:35: (node:9512) DeprecationWarning: current Server Discovery and Monitoring engine is deprecated, and will be removed in a future version. To use the new Server Discover and Monitoring engine, pass option { useUnifiedTopology: true } to the MongoClient constructor.
